[START] 2026-05-01 18:50:15
[END] 2026-05-01 18:50:40
[TOOL] alarm-daily-report
[RETURN_CODE] 0
[PARAMS] {"date": "2026-05-01", "begin_date": "", "end_date": "", "login_only": "false", "dry_run": "false", "base_url": "https://hrrcgy.my7g.cn:19243", "alarms_endpoint": "/iot-api/workform/alarm/queryForMyApprovalList", "verify_ssl": "false", "timeout_seconds": "15", "user_agent": "Apache-HttpClient/4.5.14 (Java/17.0.10)", "login_endpoint": "/iot-api/login/login", "login_name": "RCGY", "login_password_plain": "Rcgy@123", "aes_key": "Qjzh#%po!2^45h%^", "auth_type": "simple", "static_token": "", "app_identifier": "RCGYCRK", "token_field": "token", "token_header_name": "token", "page_size": "10", "max_pages": "200", "file_download_endpoint": "/iot-api/workform/alarm/file/download", "file_download_open_mode": "attachment", "theme_cookie": "light", "output_dir": "./output", "report_dir": "./report", "top_n_titles": "5", "area_name": "后海片区", "inspection_target": "重点路段机动车违停情况", "item_suffix": "存在机动车违停", "export_docx": "false", "export_pdf": "false", "split_mode": "none", "split_export_docx": "false", "split_export_pdf": "false", "max_split_groups": "50"}
[COMMAND] D:\PycharmProjects\MY-Project\.venv\Scripts\python.exe D:\PycharmProjects\MY-Project\7G_Tool_Platform\data\plugins\alarm-daily-report\main.py --date 2026-05-01 --base-url https://hrrcgy.my7g.cn:19243 --alarms-endpoint /iot-api/workform/alarm/queryForMyApprovalList --timeout-seconds 15 --user-agent Apache-HttpClient/4.5.14 (Java/17.0.10) --login-endpoint /iot-api/login/login --login-name RCGY --login-password-plain Rcgy@123 --aes-key Qjzh#%po!2^45h%^ --auth-type simple --app-identifier RCGYCRK --token-field token --token-header-name token --page-size 10 --max-pages 200 --file-download-endpoint /iot-api/workform/alarm/file/download --file-download-open-mode attachment --theme-cookie light --output-dir ./output --report-dir ./report --top-n-titles 5 --area-name 后海片区 --inspection-target 重点路段机动车违停情况 --item-suffix 存在机动车违停 --split-mode none --max-split-groups 50
[STDOUT]
[进度] 步骤 1/5：开始登录
[进度] 步骤 1/5：登录完成
[进度] 步骤 2/5：开始拉取告警列表与详情
[进度] 开始分页拉取告警列表
[进度] 已拉取第 1 页，当前页 10 条，预计总数 14
[进度] 已处理告警详情 10 条
[进度] 已拉取第 2 页，当前页 4 条，预计总数 14
[进度] 已按分页原始顺序重排报告数据
[进度] 步骤 2/5：数据拉取完成，共 14 条
[进度] 步骤 3/5：开始生成报告文件
[进度] 开始下载告警图片
[进度] 图片下载进度：1/14
[进度] 图片下载进度：2/14
[进度] 图片下载进度：3/14
[进度] 图片下载进度：4/14
[进度] 图片下载进度：5/14
[进度] 图片下载进度：6/14
[进度] 图片下载进度：7/14
[进度] 图片下载进度：8/14
[进度] 图片下载进度：9/14
[进度] 图片下载进度：10/14
[进度] 图片下载进度：11/14
[进度] 图片下载进度：12/14
[进度] 图片下载进度：13/14
[进度] 图片下载进度：14/14
[进度] 开始生成 Markdown/JSON 文件
[进度] 步骤 4/5：报告文件生成完成
[进度] 步骤 5/5：流程结束
登录地址: https://hrrcgy.my7g.cn:19243/iot-api/login/login
登录账号: RCGY
登录成功，token: ACCESS_TOKEN:eb05e64a-c3c1-4ad6-9536-3b18cdfe6e50
登录成功，get_host: 
告警返回总数: 14
告警列表接口返回:
[
  {
    "body": {
      "empty": false,
      "list": [
        {
          "attrDataStr": "{\"data\": {\"alias_1\": [\"业务告警\"], \"alias_2\": [\"一级\"], \"alias_3\": [\"AI\"], \"alias_4\": [\"城市管理\"], \"alias_5\": [\"街面秩序\"], \"value_1\": [\"business\"], \"value_2\": [\"1\"], \"value_3\": [\"1\"], \"value_4\": [\"CSGL\"], \"value_5\": [\"JMZX\"]}, \"configs\": [{\"id\": 1, \"values\": [{\"alias\": \"业务告警\", \"value\": \"business\"}], \"isGlobal\": true, \"isMultiple\": false}, {\"id\": 2, \"values\": [{\"alias\": \"一级\", \"value\": \"1\"}], \"isGlobal\": true, \"isMultiple\": false}, {\"id\": 3, \"values\": [{\"alias\": \"AI\", \"value\": \"1\"}], \"isGlobal\": true, \"isMultiple\": false}, {\"id\": 4, \"values\": [{\"alias\": \"城市管理\", \"value\": \"CSGL\"}], \"isGlobal\": true, \"isMultiple\": false}, {\"id\": 5, \"values\": [{\"alias\": \"街面秩序\", \"value\": \"JMZX\"}], \"isGlobal\": true, \"isMultiple\": false}]}",
          "processStatus": "PENDING",
          "lampPostName": "26号保利文化广场停车厂入口处",
          "createUserName": "系统",
          "lampPostId": 221,
          "tecTypeName": "AI",
          "recordId": 2027,
          "manageType2": "JMZX",
          "levelNum": "1",
          "manageType1": "CSGL",
          "handlerDuration": 1440,
          "manageType2Name": "街面秩序",
          "id": 154556,
          "overdueTime": 1782812987000,
          "lat": 22.51903093145226,
          "eliminationDuration": null,
          "tenantIdentifier": "RCGY",
          "alarmBusinessTypeName": "业务告警",
          "manageType1Name": "城市管理",
          "lng": 113.93333551680632,
          "updateUserName": null,
          "alarmName": "机动车违停_26号保利文化广场停车厂入口处摄像头",
          "eliminationDurationTime": null,
          "tecType": "1",
          "devName": "26号保利文化广场停车厂入口处摄像头",
          "variablesDataStr": "{\"file\": [{\"id\": \"8b5fb81ad185462bbe7d017029f471ec\", \"url\": \"/permanent/2026/05/01/177762898573879523289.jpg\", \"name\": \"177762898573879523289\", \"type\": \"jpg\", \"fileSize\": 0, \"createTime\": 1777628987252, \"deleteFlag\": \"N\"}], \"devName\": \"26号保利文化广场停车厂入口处摄像头\", \"eventName\": \"\", \"productName\": \"7G全景摄像头_S\", \"locationName\": \"文心六路1\", \"parentBoxName\": \"26号保利文化广场停车厂入口处\", \"alarmPieceList\": [{\"id\": \"67a0461b026d4455836f2ef92f310769\", \"url\": \"/permanent/2026/05/01/177762898573879523289.jpg\", \"name\": \"177762898573879523289\", \"type\": \"jpg\", \"fileSize\": 0, \"createTime\": 1777628987255, \"deleteFlag\": \"N\"}]}",
          "1": "业务告警",
          "2": "一级",
          "3": "AI",
          "4": "城市管理",
          "processUserName": "系统",
          "5": "街面秩序",
          "typeId": 324,
          "status": "WARNING",
          "alarmBusinessType": "business",
          "workformNo": null,
          "variablesDataMap": {
            "file": [
              {
                "deleteFlag": "N",
                "fileSize": 0,
                "createTime": 1777628987252,
                "name": "177762898573879523289",
                "id": "8b5fb81ad185462bbe7d017029f471ec",
                "type": "jpg",
                "url": "/permanent/2026/05/01/177762898573879523289.jpg"
              }
            ],
            "locationName": "文心六路1",
            "parentBoxName": "26号保利文化广场停车厂入口处",
            "alarmPieceList": [
              {
                "deleteFlag": "N",
                "fileSize": 0,
                "createTime": 1777628987255,
                "name": "177762898573879523289",
                "id": "67a0461b026d4455836f2ef92f310769",
                "type": "jpg",
                "url": "/permanent/2026/05/01/177762898573879523289.jpg"
              }
            ],
            "eventName": "",
            "devName": "26号保利文化广场停车厂入口处摄像头",
            "productName": "7G全景摄像头_S"
          },
          "alarmTypeName": "机动车违停",
          "processUser": null,
          "typeRecordId": 2027,
          "lampPostSn": "HRAF_JDG0026",
          "processTime": 1777628987000,
          "processId": 308763,
          "isReview": "0",
          "isFiltered": 0,
          "alarmTypeNo": "JDCWT",
          "devSn": "HRAF_SXT0026",
          "productIdentifier": "S5_QJPanoramicCamera",
          "outgo": "Y",
          "alarmNo": "AIAL00000000000OWH",
          "alarmTime": "2026-05-01 17:49:47",
          "workformType": null,
          "updateUser": null,
          "updateTime": null,
          "appIdentifier": "RCGYCRK",
          "createTime": 1777628987000,
          "levelNumName": "一级",
          "createUser": null
        },
        {
          "attrDataStr": "{\"data\": {\"alias_1\": [\"业务告警\"], \"alias_2\": [\"一级\"], \"alias_3\": [\"AI\"], \"alias_4\": [\"城市管理\"], \"alias_5\": [\"街面秩序\"], \"value_1\": [\"business\"], \"value_2\": [\"1\"], \"value_3\": [\"1\"], \"value_4\": [\"CSGL\"], \"value_5\": [\"JMZX\"]}, \"configs\": [{\"id\": 1, \"values\": [{\"alias\": \"业务告警\", \"value\": \"business\"}], \"isGlobal\": true, \"isMultiple\": false}, {\"id\": 2, \"values\": [{\"alias\": \"一级\", \"value\": \"1\"}], \"isGlobal\": true, \"isMultiple\": false}, {\"id\": 3, \"values\": [{\"alias\": \"AI\", \"value\": \"1\"}], \"isGlobal\": true, \"isMultiple\": false}, {\"id\": 4, \"values\": [{\"alias\": \"城市管理\", \"value\": \"CSGL\"}], \"isGlobal\": true, \"isMultiple\": false}, {\"id\": 5, \"values\": [{\"alias\": \"街面秩序\", \"value\": \"JMZX\"}], \"isGlobal\": true, \"isMultiple\": false}]}",
          "processStatus": "PENDING",
          "lampPostName": "9号深圳湾体育馆北门-J",
          "createUserName": "系统",
          "lampPostId": 198,
          "tecTypeName": "AI",
          "recordId": 2027,
          "manageType2": "JMZX",
          "levelNum": "1",
          "manageType1": "CSGL",
          "handlerDuration": 1440,
          "manageType2Name": "街面秩序",
          "id": 154553,
          "overdueTime": 1782812768000,
          "lat": 22.52385098224561,
          "eliminationDuration": null,
          "tenantIdentifier": "RCGY",
          "alarmBusinessTypeName": "业务告警",
          "manageType1Name": "城市管理",
          "lng": 113.94546472747237,
          "updateUserName": null,
          "alarmName": "机动车违停_9号深圳湾体育馆北门摄像头-J",
          "eliminationDurationTime": null,
          "tecType": "1",
          "devName": "9号深圳湾体育馆北门摄像头-J",
          "variablesDataStr": "{\"file\": [{\"id\": \"dd8abe7c34204fc297255a25481a6501\", \"url\": \"/permanent/2026/05/01/177762876624608026738.jpg\", \"name\": \"177762876624608026738\", \"type\": \"jpg\", \"fileSize\": 0, \"createTime\": 1777628768031, \"deleteFlag\": \"N\"}], \"devName\": \"9号深圳湾体育馆北门摄像头-J\", \"eventName\": \"\", \"productName\": \"7G全景摄像头_S\", \"locationName\": \"滨海大道4\", \"parentBoxName\": \"9号深圳湾体育馆北门\", \"alarmPieceList\": [{\"id\": \"52a1cc7507c648a4a815187865557a44\", \"url\": \"/permanent/2026/05/01/177762876624608026738.jpg\", \"name\": \"177762876624608026738\", \"type\": \"jpg\", \"fileSize\": 0, \"createTime\": 1777628768034, \"deleteFlag\": \"N\"}]}",
          "1": "业务告警",
          "2": "一级",
          "3": "AI",
          "4": "城市管理",
          "processUserName": "系统",
          "5": "街面秩序",
          "typeId": 324,
          "status": "WARNING",
          "alarmBusinessType": "business",
          "workformNo": null,
          "variablesDataMap": {
            "file": [
              {
                "deleteFlag": "N",
                "fileSize": 0,
                "createTime": 1777628768031,
                "name": "177762876624608026738",
                "id": "dd8abe7c34204fc297255a25481a6501",
                "type": "jpg",
                "url": "/permanent/2026/05/01/177762876624608026738.jpg"
              }
            ],
            "locationName": "滨海大道4",
            "parentBoxName": "9号深圳湾体育馆北门",
            "alarmPieceList": [
              {
                "deleteFlag": "N",
                "fileSize": 0,
                "createTime": 1777628768034,
                "name": "177762876624608026738",
                "id": "52a1cc7507c648a4a815187865557a44",
                "type": "jpg",
                "url": "/permanent/2026/05/01/177762876624608026738.jpg"
              }
            ],
            "eventName": "",
            "devName": "9号深圳湾体育馆北门摄像头-J",
            "productName": "7G全景摄像头_S"
          },
          "alarmTypeName": "机动车违停",
          "processUser": null,
          "typeRecordId": 2027,
          "lampPostSn": "HRAF_ZNG0009",
          "processTime": 1777628768000,
          "processId": 308759,
          "isReview": "0",
          "isFiltered": 0,
          "alarmTypeNo": "JDCWT",
          "devSn": "HRAF_SXT0009",
          "productIdentifier": "S5_QJPanoramicCamera",
          "outgo": "Y",
          "alarmNo": "AIAL00000000000OWE",
          "alarmTime": "2026-05-01 17:46:08",
          "workformType": null,
          "updateUser": null,
          "updateTime": null,
          "appIdentifier": "RCGYCRK",
          "createTime": 1777628768000,
          "levelNumName": "一级",
          "createUser": null
        },
        {
          "attrDataStr": "{\"data\": {\"alias_1\": [\"业务告警\"], \"alias_2\": [\"一级\"], \"alias_3\": [\"AI\"], \"alias_4\": [\"城市管理\"], \"alias_5\": [\"街面秩序\"], \"value_1\": [\"business\"], \"value_2\": [\"1\"], \"value_3\": [\"1\"], \"value_4\": [\"CSGL\"], \"value_5\": [\"JMZX\"]}, \"configs\": [{\"id\": 1, \"values\": [{\"alias\": \"业务告警\", \"value\": \"business\"}], \"isGlobal\": true, \"isMultiple\": false}, {\"id\": 2, \"values\": [{\"alias\": \"一级\", \"value\": \"1\"}], \"isGlobal\": true, \"isMultiple\": false}, {\"id\": 3, \"values\": [{\"alias\": \"AI\", \"value\": \"1\"}], \"isGlobal\": true, \"isMultiple\": false}, {\"id\": 4, \"values\": [{\"alias\": \"城市管理\", \"value\": \"CSGL\"}], \"isGlobal\": true, \"isMultiple\": false}, {\"id\": 5, \"values\": [{\"alias\": \"街面秩序\", \"value\": \"JMZX\"}], \"isGlobal\": true, \"isMultiple\": false}]}",
          "processStatus": "PENDING",
          "lampPostName": "21号人才公园北门门口",
          "createUserName": "系统",
          "lampPostId": 215,
          "tecTypeName": "AI",
          "recordId": 2027,
          "manageType2": "JMZX",
          "levelNum": "1",
          "manageType1": "CSGL",
          "handlerDuration": 1440,
          "manageType2Name": "街面秩序",
          "id": 154545,
          "overdueTime": 1782811342000,
          "lat": 22.51870169298498,
          "eliminationDuration": null,
          "tenantIdentifier": "RCGY",
          "alarmBusinessTypeName": "业务告警",
          "manageType1Name": "城市管理",
          "lng": 113.94490003464006,
          "updateUserName": null,
          "alarmName": "机动车违停_21号人才公园北门门口摄像头",
          "eliminationDurationTime": null,
          "tecType": "1",
          "devName": "21号人才公园北门门口摄像头",
          "variablesDataStr": "{\"file\": [{\"id\": \"a880517fe6d349d6a27a7cac1da88412\", \"url\": \"/permanent/2026/05/01/177762734089407404374.jpg\", \"name\": \"177762734089407404374\", \"type\": \"jpg\", \"fileSize\": 0, \"createTime\": 1777627342711, \"deleteFlag\": \"N\"}], \"devName\": \"21号人才公园北门门口摄像头\", \"eventName\": \"\", \"productName\": \"7G全景摄像头_S\", \"locationName\": \"海德三道4\", \"parentBoxName\": \"21号人才公园北门门口\", \"alarmPieceList\": [{\"id\": \"dd82b108db094c48bc81fb91753fcc53\", \"url\": \"/permanent/2026/05/01/177762734089407404374.jpg\", \"name\": \"177762734089407404374\", \"type\": \"jpg\", \"fileSize\": 0, \"createTime\": 1777627342713, \"deleteFlag\": \"N\"}]}",
          "1": "业务告警",
          "2": "一级",
          "3": "AI",
          "4": "城市管理",
          "processUserName": "系统",
          "5": "街面秩序",
          "typeId": 324,
          "status": "WARNING",
          "alarmBusinessType": "business",
          "workformNo": null,
          "variablesDataMap": {
            "file": [
              {
                "deleteFlag": "N",
                "fileSize": 0,
                "createTime": 1777627342711,
                "name": "177762734089407404374",
                "id": "a880517fe6d349d6a27a7cac1da88412",
                "type": "jpg",
                "url": "/permanent/2026/05/01/177762734089407404374.jpg"
              }
            ],
            "locationName": "海德三道4",
            "parentBoxName": "21号人才公园北门门口",
            "alarmPieceList": [
              {
                "deleteFlag": "N",
                "fileSize": 0,
                "createTime": 1777627342713,
                "name": "177762734089407404374",
                "id": "dd82b108db094c48bc81fb91753fcc53",
                "type": "jpg",
                "url": "/permanent/2026/05/01/177762734089407404374.jpg"
              }
            ],
            "eventName": "",
            "devName": "21号人才公园北门门口摄像头",
            "productName": "7G全景摄像头_S"
          },
          "alarmTypeName": "机动车违停",
          "processUser": null,
          "typeRecordId": 2027,
          "lampPostSn": "HRAF_JDG0021",
          "processTime": 1777627342000,
          "processId": 308740,
          "isReview": "0",
          "isFiltered": 0,
          "alarmTypeNo": "JDCWT",
          "devSn": "HRAF_SXT0021",
          "productIdentifier": "S5_QJPanoramicCamera",
          "outgo": "Y",
          "alarmNo": "AIAL00000000000OWB",
          "alarmTime": "2026-05-01 17:22:22",
          "workformType": null,
          "updateUser": null,
          "updateTime": null,
          "appIdentifier": "RCGYCRK",
          "createTime": 1777627342000,
          "levelNumName": "一级",
          "createUser": null
        },
        {
          "attrDataStr": "{\"data\": {\"alias_1\": [\"业务告警\"], \"alias_2\": [\"一级\"], \"alias_3\": [\"AI\"], \"alias_4\": [\"城市管理\"], \"alias_5\": [\"街面秩序\"], \"value_1\": [\"business\"], \"value_2\": [\"1\"], \"value_3\": [\"1\"], \"value_4\": [\"CSGL\"], \"value_5\": [\"JMZX\"]}, \"configs\": [{\"id\": 1, \"values\": [{\"alias\": \"业务告警\", \"value\": \"business\"}], \"isGlobal\": true, \"isMultiple\": false}, {\"id\": 2, \"values\": [{\"alias\": \"一级\", \"value\": \"1\"}], \"isGlobal\": true, \"isMultiple\": false}, {\"id\": 3, \"values\": [{\"alias\": \"AI\", \"value\": \"1\"}], \"isGlobal\": true, \"isMultiple\": false}, {\"id\": 4, \"values\": [{\"alias\": \"城市管理\", \"value\": \"CSGL\"}], \"isGlobal\": true, \"isMultiple\": false}, {\"id\": 5, \"values\": [{\"alias\": \"街面秩序\", \"value\": \"JMZX\"}], \"isGlobal\": true, \"isMultiple\": false}]}",
          "processStatus": "PENDING",
          "lampPostName": "41号海德一道转文心五路交汇处",
          "createUserName": "系统",
          "lampPostId": 236,
          "tecTypeName": "AI",
          "recordId": 2027,
          "manageType2": "JMZX",
          "levelNum": "1",
          "manageType1": "CSGL",
          "handlerDuration": 1440,
          "manageType2Name": "街面秩序",
          "id": 154515,
          "overdueTime": 1782809730000,
          "lat": 22.519082185852,
          "eliminationDuration": null,
          "tenantIdentifier": "RCGY",
          "alarmBusinessTypeName": "业务告警",
          "manageType1Name": "城市管理",
          "lng": 113.93162029865732,
          "updateUserName": null,
          "alarmName": "机动车违停_41号海德一道转文心五路交汇处摄像头",
          "eliminationDurationTime": null,
          "tecType": "1",
          "devName": "41号海德一道转文心五路交汇处摄像头",
          "variablesDataStr": "{\"file\": [{\"id\": \"36a8b8669bdb4c6da76accf79f4bbff2\", \"url\": \"/permanent/2026/05/01/177762572879433661582.jpg\", \"name\": \"177762572879433661582\", \"type\": \"jpg\", \"fileSize\": 0, \"createTime\": 1777625730815, \"deleteFlag\": \"N\"}], \"devName\": \"41号海德一道转文心五路交汇处摄像头\", \"eventName\": \"\", \"productName\": \"7G全景摄像头_S\", \"locationName\": \"海德一道2\", \"parentBoxName\": \"41号海德一道转文心五路交汇处\", \"alarmPieceList\": [{\"id\": \"f70d644de17f432e9c9bd219005a146f\", \"url\": \"/permanent/2026/05/01/177762572879433661582.jpg\", \"name\": \"177762572879433661582\", \"type\": \"jpg\", \"fileSize\": 0, \"createTime\": 1777625730817, \"deleteFlag\": \"N\"}]}",
          "1": "业务告警",
          "2": "一级",
          "3": "AI",
          "4": "城市管理",
          "processUserName": "系统",
          "5": "街面秩序",
          "typeId": 324,
          "status": "WARNING",
          "alarmBusinessType": "business",
          "workformNo": null,
          "variablesDataMap": {
            "file": [
              {
                "deleteFlag": "N",
                "fileSize": 0,
                "createTime": 1777625730815,
                "name": "177762572879433661582",
                "id": "36a8b8669bdb4c6da76accf79f4bbff2",
                "type": "jpg",
                "url": "/permanent/2026/05/01/177762572879433661582.jpg"
              }
            ],
            "locationName": "海德一道2",
            "parentBoxName": "41号海德一道转文心五路交汇处",
            "alarmPieceList": [
              {
                "deleteFlag": "N",
                "fileSize": 0,
                "createTime": 1777625730817,
                "name": "177762572879433661582",
                "id": "f70d644de17f432e9c9bd219005a146f",
                "type": "jpg",
                "url": "/permanent/2026/05/01/177762572879433661582.jpg"
              }
            ],
            "eventName": "",
            "devName": "41号海德一道转文心五路交汇处摄像头",
            "productName": "7G全景摄像头_S"
          },
          "alarmTypeName": "机动车违停",
          "processUser": null,
          "typeRecordId": 2027,
          "lampPostSn": "HRAF_JDG0041",
          "processTime": 1777625730000,
          "processId": 308682,
          "isReview": "0",
          "isFiltered": 0,
          "alarmTypeNo": "JDCWT",
          "devSn": "HRAF_SXT0041",
          "productIdentifier": "S5_QJPanoramicCamera",
          "outgo": "Y",
          "alarmNo": "AIAL00000000000OW5",
          "alarmTime": "2026-05-01 16:55:30",
          "workformType": null,
          "updateUser": null,
          "updateTime": null,
          "appIdentifier": "RCGYCRK",
          "createTime": 1777625730000,
          "levelNumName": "一级",
          "createUser": null
        },
        {
          "attrDataStr": "{\"data\": {\"alias_1\": [\"业务告警\"], \"alias_2\": [\"一级\"], \"alias_3\": [\"AI\"], \"alias_4\": [\"城市管理\"], \"alias_5\": [\"街面秩序\"], \"value_1\": [\"business\"], \"value_2\": [\"1\"], \"value_3\": [\"1\"], \"value_4\": [\"CSGL\"], \"value_5\": [\"JMZX\"]}, \"configs\": [{\"id\": 1, \"values\": [{\"alias\": \"业务告警\", \"value\": \"business\"}], \"isGlobal\": true, \"isMultiple\": false}, {\"id\": 2, \"values\": [{\"alias\": \"一级\", \"value\": \"1\"}], \"isGlobal\": true, \"isMultiple\": false}, {\"id\": 3, \"values\": [{\"alias\": \"AI\", \"value\": \"1\"}], \"isGlobal\": true, \"isMultiple\": false}, {\"id\": 4, \"values\": [{\"alias\": \"城市管理\", \"value\": \"CSGL\"}], \"isGlobal\": true, \"isMultiple\": false}, {\"id\": 5, \"values\": [{\"alias\": \"街面秩序\", \"value\": \"JMZX\"}], \"isGlobal\": true, \"isMultiple\": false}]}",
          "processStatus": "PENDING",
          "lampPostName": "21号人才公园北门门口",
          "createUserName": "系统",
          "lampPostId": 215,
          "tecTypeName": "AI",
          "recordId": 2027,
          "manageType2": "JMZX",
          "levelNum": "1",
          "manageType1": "CSGL",
          "handlerDuration": 1440,
          "manageType2Name": "街面秩序",
          "id": 154496,
          "overdueTime": 1782808216000,
          "lat": 22.51870169298498,
          "eliminationDuration": null,
          "tenantIdentifier": "RCGY",
          "alarmBusinessTypeName": "业务告警",
          "manageType1Name": "城市管理",
          "lng": 113.94490003464006,
          "updateUserName": null,
          "alarmName": "机动车违停_21号人才公园北门门口摄像头",
          "eliminationDurationTime": null,
          "tecType": "1",
          "devName": "21号人才公园北门门口摄像头",
          "variablesDataStr": "{\"file\": [{\"id\": \"9d2f4f2c17c04f9ebba0f0b13b200e0d\", \"url\": \"/permanent/2026/05/01/177762421592748803584.jpg\", \"name\": \"177762421592748803584\", \"type\": \"jpg\", \"fileSize\": 0, \"createTime\": 1777624216675, \"deleteFlag\": \"N\"}], \"devName\": \"21号人才公园北门门口摄像头\", \"eventName\": \"\", \"productName\": \"7G全景摄像头_S\", \"locationName\": \"海德三道4\", \"parentBoxName\": \"21号人才公园北门门口\", \"alarmPieceList\": [{\"id\": \"9643400ca3b84dcd8bc8f423faad7931\", \"url\": \"/permanent/2026/05/01/177762421592748803584.jpg\", \"name\": \"177762421592748803584\", \"type\": \"jpg\", \"fileSize\": 0, \"createTime\": 1777624216678, \"deleteFlag\": \"N\"}]}",
          "1": "业务告警",
          "2": "一级",
          "3": "AI",
          "4": "城市管理",
          "processUserName": "系统",
          "5": "街面秩序",
          "typeId": 324,
          "status": "WARNING",
          "alarmBusinessType": "business",
          "workformNo": null,
          "variablesDataMap": {
            "file": [
              {
                "deleteFlag": "N",
                "fileSize": 0,
                "createTime": 1777624216675,
                "name": "177762421592748803584",
                "id": "9d2f4f2c17c04f9ebba0f0b13b200e0d",
                "type": "jpg",
                "url": "/permanent/2026/05/01/177762421592748803584.jpg"
              }
            ],
            "locationName": "海德三道4",
            "parentBoxName": "21号人才公园北门门口",
            "alarmPieceList": [
              {
                "deleteFlag": "N",
                "fileSize": 0,
                "createTime": 1777624216678,
                "name": "177762421592748803584",
                "id": "9643400ca3b84dcd8bc8f423faad7931",
                "type": "jpg",
                "url": "/permanent/2026/05/01/177762421592748803584.jpg"
              }
            ],
            "eventName": "",
            "devName": "21号人才公园北门门口摄像头",
            "productName": "7G全景摄像头_S"
          },
          "alarmTypeName": "机动车违停",
          "processUser": null,
          "typeRecordId": 2027,
          "lampPostSn": "HRAF_JDG0021",
          "processTime": 1777624216000,
          "processId": 308646,
          "isReview": "0",
          "isFiltered": 0,
          "alarmTypeNo": "JDCWT",
          "devSn": "HRAF_SXT0021",
          "productIdentifier": "S5_QJPanoramicCamera",
          "outgo": "Y",
          "alarmNo": "AIAL00000000000OVW",
          "alarmTime": "2026-05-01 16:30:16",
          "workformType": null,
          "updateUser": null,
          "updateTime": null,
          "appIdentifier": "RCGYCRK",
          "createTime": 1777624216000,
          "levelNumName": "一级",
          "createUser": null
        },
        {
          "attrDataStr": "{\"data\": {\"alias_1\": [\"业务告警\"], \"alias_2\": [\"一级\"], \"alias_3\": [\"AI\"], \"alias_4\": [\"城市管理\"], \"alias_5\": [\"街面秩序\"], \"value_1\": [\"business\"], \"value_2\": [\"1\"], \"value_3\": [\"1\"], \"value_4\": [\"CSGL\"], \"value_5\": [\"JMZX\"]}, \"configs\": [{\"id\": 1, \"values\": [{\"alias\": \"业务告警\", \"value\": \"business\"}], \"isGlobal\": true, \"isMultiple\": false}, {\"id\": 2, \"values\": [{\"alias\": \"一级\", \"value\": \"1\"}], \"isGlobal\": true, \"isMultiple\": false}, {\"id\": 3, \"values\": [{\"alias\": \"AI\", \"value\": \"1\"}], \"isGlobal\": true, \"isMultiple\": false}, {\"id\": 4, \"values\": [{\"alias\": \"城市管理\", \"value\": \"CSGL\"}], \"isGlobal\": true, \"isMultiple\": false}, {\"id\": 5, \"values\": [{\"alias\": \"街面秩序\", \"value\": \"JMZX\"}], \"isGlobal\": true, \"isMultiple\": false}]}",
          "processStatus": "PENDING",
          "lampPostName": "6号沙河西路转海德三道西北角",
          "createUserName": "系统",
          "lampPostId": 202,
          "tecTypeName": "AI",
          "recordId": 2027,
          "manageType2": "JMZX",
          "levelNum": "1",
          "manageType1": "CSGL",
          "handlerDuration": 1440,
          "manageType2Name": "街面秩序",
          "id": 154488,
          "overdueTime": 1782807041000,
          "lat": 22.51849373319843,
          "eliminationDuration": null,
          "tenantIdentifier": "RCGY",
          "alarmBusinessTypeName": "业务告警",
          "manageType1Name": "城市管理",
          "lng": 113.94820478283708,
          "updateUserName": "系统",
          "alarmName": "机动车违停_6号沙河西路转海德三道西北角摄像头-J",
          "eliminationDurationTime": null,
          "tecType": "1",
          "devName": "6号沙河西路转海德三道西北角摄像头-J",
          "variablesDataStr": "{\"file\": [{\"id\": \"0913796869be45eb95afb63beceada27\", \"url\": \"/permanent/2026/05/01/177762303974133568803.jpg\", \"name\": \"177762303974133568803\", \"type\": \"jpg\", \"fileSize\": 0, \"createTime\": 1777623041076, \"deleteFlag\": \"N\"}], \"devName\": \"6号沙河西路转海德三道西北角摄像头-J\", \"eventName\": \"\", \"productName\": \"7G全景摄像头_S\", \"locationName\": \"沙河西路1\", \"parentBoxName\": \"6号沙河西路转海德三道西北角\", \"alarmPieceList\": [{\"id\": \"9c181a16cc9b4003a5067d90ec589ba3\", \"url\": \"/permanent/2026/05/01/177762303974133568803.jpg\", \"name\": \"177762303974133568803\", \"type\": \"jpg\", \"fileSize\": 0, \"createTime\": 1777623041079, \"deleteFlag\": \"N\"}]}",
          "1": "业务告警",
          "2": "一级",
          "3": "AI",
          "4": "城市管理",
          "processUserName": "系统",
          "5": "街面秩序",
          "typeId": 324,
          "status": "ELIMINATED",
          "alarmBusinessType": "business",
          "workformNo": null,
          "variablesDataMap": {
            "file": [
              {
                "deleteFlag": "N",
                "fileSize": 0,
                "createTime": 1777623041076,
                "name": "177762303974133568803",
                "id": "0913796869be45eb95afb63beceada27",
                "type": "jpg",
                "url": "/permanent/2026/05/01/177762303974133568803.jpg"
              }
            ],
            "locationName": "沙河西路1",
            "parentBoxName": "6号沙河西路转海德三道西北角",
            "alarmPieceList": [
              {
                "deleteFlag": "N",
                "fileSize": 0,
                "createTime": 1777623041079,
                "name": "177762303974133568803",
                "id": "9c181a16cc9b4003a5067d90ec589ba3",
                "type": "jpg",
                "url": "/permanent/2026/05/01/177762303974133568803.jpg"
              }
            ],
            "eventName": "",
            "devName": "6号沙河西路转海德三道西北角摄像头-J",
            "productName": "7G全景摄像头_S"
          },
          "alarmTypeName": "机动车违停",
          "processUser": null,
          "typeRecordId": 2027,
          "lampPostSn": "HRAF_ZNG0006",
          "processTime": 1777625583000,
          "processId": 308681,
          "isReview": "0",
          "isFiltered": 0,
          "alarmTypeNo": "JDCWT",
          "devSn": "HRAF_SXT0006",
          "productIdentifier": "S5_QJPanoramicCamera",
          "outgo": "Y",
          "alarmNo": "AIAL00000000000OVN",
          "alarmTime": "2026-05-01 16:10:41",
          "workformType": null,
          "updateUser": "",
          "updateTime": 1777625584000,
          "appIdentifier": "RCGYCRK",
          "createTime": 1777623041000,
          "levelNumName": "一级",
          "createUser": null
        },
        {
          "attrDataStr": "{\"data\": {\"alias_1\": [\"业务告警\"], \"alias_2\": [\"一级\"], \"alias_3\": [\"AI\"], \"alias_4\": [\"城市管理\"], \"alias_5\": [\"街面秩序\"], \"value_1\": [\"business\"], \"value_2\": [\"1\"], \"value_3\": [\"1\"], \"value_4\": [\"CSGL\"], \"value_5\": [\"JMZX\"]}, \"configs\": [{\"id\": 1, \"values\": [{\"alias\": \"业务告警\", \"value\": \"business\"}], \"isGlobal\": true, \"isMultiple\": false}, {\"id\": 2, \"values\": [{\"alias\": \"一级\", \"value\": \"1\"}], \"isGlobal\": true, \"isMultiple\": false}, {\"id\": 3, \"values\": [{\"alias\": \"AI\", \"value\": \"1\"}], \"isGlobal\": true, \"isMultiple\": false}, {\"id\": 4, \"values\": [{\"alias\": \"城市管理\", \"value\": \"CSGL\"}], \"isGlobal\": true, \"isMultiple\": false}, {\"id\": 5, \"values\": [{\"alias\": \"街面秩序\", \"value\": \"JMZX\"}], \"isGlobal\": true, \"isMultiple\": false}]}",
          "processStatus": "PENDING",
          "lampPostName": "31号文心四路海岸城西停车场入口",
          "createUserName": "系统",
          "lampPostId": 226,
          "tecTypeName": "AI",
          "recordId": 2027,
          "manageType2": "JMZX",
          "levelNum": "1",
          "manageType1": "CSGL",
          "handlerDuration": 1440,
          "manageType2Name": "街面秩序",
          "id": 154483,
          "overdueTime": 1782806747000,
          "lat": 22.52047277271448,
          "eliminationDuration": null,
          "tenantIdentifier": "RCGY",
          "alarmBusinessTypeName": "业务告警",
          "manageType1Name": "城市管理",
          "lng": 113.93087602407417,
          "updateUserName": "系统",
          "alarmName": "机动车违停_31号文心四路海岸城西座停车场入口处摄像头",
          "eliminationDurationTime": null,
          "tecType": "1",
          "devName": "31号文心四路海岸城西座停车场入口处摄像头",
          "variablesDataStr": "{\"file\": [{\"id\": \"eb8d8d1655e340548fa200fc424b4eab\", \"url\": \"/permanent/2026/05/01/177762274464104844349.jpg\", \"name\": \"177762274464104844349\", \"type\": \"jpg\", \"fileSize\": 0, \"createTime\": 1777622747865, \"deleteFlag\": \"N\"}], \"devName\": \"31号文心四路海岸城西座停车场入口处摄像头\", \"eventName\": \"\", \"productName\": \"7G全景摄像头_S\", \"locationName\": \"文心四路1\", \"parentBoxName\": \"31号文心四路海岸城西座停车场入口处\", \"alarmPieceList\": [{\"id\": \"5624e190be59480fbe8fa79cf7f6183a\", \"url\": \"/permanent/2026/05/01/177762274464104844349.jpg\", \"name\": \"177762274464104844349\", \"type\": \"jpg\", \"fileSize\": 0, \"createTime\": 1777622747866, \"deleteFlag\": \"N\"}]}",
          "1": "业务告警",
          "2": "一级",
          "3": "AI",
          "4": "城市管理",
          "processUserName": "系统",
          "5": "街面秩序",
          "typeId": 324,
          "status": "ELIMINATED",
          "alarmBusinessType": "business",
          "workformNo": null,
          "variablesDataMap": {
            "file": [
              {
                "deleteFlag": "N",
                "fileSize": 0,
                "createTime": 1777622747865,
                "name": "177762274464104844349",
                "id": "eb8d8d1655e340548fa200fc424b4eab",
                "type": "jpg",
                "url": "/permanent/2026/05/01/177762274464104844349.jpg"
              }
            ],
            "locationName": "文心四路1",
            "parentBoxName": "31号文心四路海岸城西座停车场入口处",
            "alarmPieceList": [
              {
                "deleteFlag": "N",
                "fileSize": 0,
                "createTime": 1777622747866,
                "name": "177762274464104844349",
                "id": "5624e190be59480fbe8fa79cf7f6183a",
                "type": "jpg",
                "url": "/permanent/2026/05/01/177762274464104844349.jpg"
              }
            ],
            "eventName": "",
            "devName": "31号文心四路海岸城西座停车场入口处摄像头",
            "productName": "7G全景摄像头_S"
          },
          "alarmTypeName": "机动车违停",
          "processUser": null,
          "typeRecordId": 2027,
          "lampPostSn": "HRAF_JDG0031",
          "processTime": 1777623100000,
          "processId": 308632,
          "isReview": "0",
          "isFiltered": 0,
          "alarmTypeNo": "JDCWT",
          "devSn": "HRAF_SXT0031",
          "productIdentifier": "S5_QJPanoramicCamera",
          "outgo": "Y",
          "alarmNo": "AIAL00000000000OVK",
          "alarmTime": "2026-05-01 16:05:47",
          "workformType": null,
          "updateUser": "",
          "updateTime": 1777623100000,
          "appIdentifier": "RCGYCRK",
          "createTime": 1777622747000,
          "levelNumName": "一级",
          "createUser": null
        },
        {
          "attrDataStr": "{\"data\": {\"alias_1\": [\"业务告警\"], \"alias_2\": [\"一级\"], \"alias_3\": [\"AI\"], \"alias_4\": [\"城市管理\"], \"alias_5\": [\"街面秩序\"], \"value_1\": [\"business\"], \"value_2\": [\"1\"], \"value_3\": [\"1\"], \"value_4\": [\"CSGL\"], \"value_5\": [\"JMZX\"]}, \"configs\": [{\"id\": 1, \"values\": [{\"alias\": \"业务告警\", \"value\": \"business\"}], \"isGlobal\": true, \"isMultiple\": false}, {\"id\": 2, \"values\": [{\"alias\": \"一级\", \"value\": \"1\"}], \"isGlobal\": true, \"isMultiple\": false}, {\"id\": 3, \"values\": [{\"alias\": \"AI\", \"value\": \"1\"}], \"isGlobal\": true, \"isMultiple\": false}, {\"id\": 4, \"values\": [{\"alias\": \"城市管理\", \"value\": \"CSGL\"}], \"isGlobal\": true, \"isMultiple\": false}, {\"id\": 5, \"values\": [{\"alias\": \"街面秩序\", \"value\": \"JMZX\"}], \"isGlobal\": true, \"isMultiple\": false}]}",
          "processStatus": "PENDING",
          "lampPostName": "110号人才公园大螃蟹乐园",
          "createUserName": "系统",
          "lampPostId": 305,
          "tecTypeName": "AI",
          "recordId": 2027,
          "manageType2": "JMZX",
          "levelNum": "1",
          "manageType1": "CSGL",
          "handlerDuration": 1440,
          "manageType2Name": "街面秩序",
          "id": 154469,
          "overdueTime": 1782805819000,
          "lat": 22.50935299038321,
          "eliminationDuration": null,
          "tenantIdentifier": "RCGY",
          "alarmBusinessTypeName": "业务告警",
          "manageType1Name": "城市管理",
          "lng": 113.94656429803337,
          "updateUserName": null,
          "alarmName": "机动车违停_110号人才公园大螃蟹乐园",
          "eliminationDurationTime": null,
          "tecType": "1",
          "devName": "110号人才公园大螃蟹乐园",
          "variablesDataStr": "{\"file\": [{\"id\": \"83400c23f7064d008a2f3caf95068fdc\", \"url\": \"/permanent/2026/05/01/177762180323495843660.jpg\", \"name\": \"177762180323495843660\", \"type\": \"jpg\", \"fileSize\": 0, \"createTime\": 1777621819043, \"deleteFlag\": \"N\"}], \"devName\": \"110号人才公园大螃蟹乐园\", \"eventName\": \"\", \"productName\": \"7G全景摄像头_S\", \"locationName\": \"沙河西路1\", \"parentBoxName\": \"110号人才公园大螃蟹乐园\", \"alarmPieceList\": [{\"id\": \"506459527f934a658893b78bee216860\", \"url\": \"/permanent/2026/05/01/177762180323495843660.jpg\", \"name\": \"177762180323495843660\", \"type\": \"jpg\", \"fileSize\": 0, \"createTime\": 1777621819045, \"deleteFlag\": \"N\"}]}",
          "1": "业务告警",
          "2": "一级",
          "3": "AI",
          "4": "城市管理",
          "processUserName": "系统",
          "5": "街面秩序",
          "typeId": 324,
          "status": "WARNING",
          "alarmBusinessType": "business",
          "workformNo": null,
          "variablesDataMap": {
            "file": [
              {
                "deleteFlag": "N",
                "fileSize": 0,
                "createTime": 1777621819043,
                "name": "177762180323495843660",
                "id": "83400c23f7064d008a2f3caf95068fdc",
                "type": "jpg",
                "url": "/permanent/2026/05/01/177762180323495843660.jpg"
              }
            ],
            "locationName": "沙河西路1",
            "parentBoxName": "110号人才公园大螃蟹乐园",
            "alarmPieceList": [
              {
                "deleteFlag": "N",
                "fileSize": 0,
                "createTime": 1777621819045,
                "name": "177762180323495843660",
                "id": "506459527f934a658893b78bee216860",
                "type": "jpg",
                "url": "/permanent/2026/05/01/177762180323495843660.jpg"
              }
            ],
            "eventName": "",
            "devName": "110号人才公园大螃蟹乐园",
            "productName": "7G全景摄像头_S"
          },
          "alarmTypeName": "机动车违停",
          "processUser": null,
          "typeRecordId": 2027,
          "lampPostSn": "HRAF_JDG0110",
          "processTime": 1777621819000,
          "processId": 308594,
          "isReview": "0",
          "isFiltered": 0,
          "alarmTypeNo": "JDCWT",
          "devSn": "HRAF_SXT0110",
          "productIdentifier": "S5_QJPanoramicCamera",
          "outgo": "Y",
          "alarmNo": "AIAL00000000000OVE",
          "alarmTime": "2026-05-01 15:50:19",
          "workformType": null,
          "updateUser": null,
          "updateTime": null,
          "appIdentifier": "RCGYCRK",
          "createTime": 1777621819000,
          "levelNumName": "一级",
          "createUser": null
        },
        {
          "attrDataStr": "{\"data\": {\"alias_1\": [\"业务告警\"], \"alias_2\": [\"一级\"], \"alias_3\": [\"AI\"], \"alias_4\": [\"城市管理\"], \"alias_5\": [\"街面秩序\"], \"value_1\": [\"business\"], \"value_2\": [\"1\"], \"value_3\": [\"1\"], \"value_4\": [\"CSGL\"], \"value_5\": [\"JMZX\"]}, \"configs\": [{\"id\": 1, \"values\": [{\"alias\": \"业务告警\", \"value\": \"business\"}], \"isGlobal\": true, \"isMultiple\": false}, {\"id\": 2, \"values\": [{\"alias\": \"一级\", \"value\": \"1\"}], \"isGlobal\": true, \"isMultiple\": false}, {\"id\": 3, \"values\": [{\"alias\": \"AI\", \"value\": \"1\"}], \"isGlobal\": true, \"isMultiple\": false}, {\"id\": 4, \"values\": [{\"alias\": \"城市管理\", \"value\": \"CSGL\"}], \"isGlobal\": true, \"isMultiple\": false}, {\"id\": 5, \"values\": [{\"alias\": \"街面秩序\", \"value\": \"JMZX\"}], \"isGlobal\": true, \"isMultiple\": false}]}",
          "processStatus": "PENDING",
          "lampPostName": "107号沙河西路转东滨路50米处",
          "createUserName": "系统",
          "lampPostId": 302,
          "tecTypeName": "AI",
          "recordId": 2027,
          "manageType2": "JMZX",
          "levelNum": "1",
          "manageType1": "CSGL",
          "handlerDuration": 1440,
          "manageType2Name": "街面秩序",
          "id": 154459,
          "overdueTime": 1782804740000,
          "lat": 22.50865581655106,
          "eliminationDuration": null,
          "tenantIdentifier": "RCGY",
          "alarmBusinessTypeName": "业务告警",
          "manageType1Name": "城市管理",
          "lng": 113.94560503327125,
          "updateUserName": null,
          "alarmName": "机动车违停_107号沙河西路转东滨路50米处",
          "eliminationDurationTime": null,
          "tecType": "1",
          "devName": "107号沙河西路转东滨路50米处",
          "variablesDataStr": "{\"file\": [{\"id\": \"5e158316a06b492d855b61c299c53ca5\", \"url\": \"/permanent/2026/05/01/177762073269334725413.jpg\", \"name\": \"177762073269334725413\", \"type\": \"jpg\", \"fileSize\": 0, \"createTime\": 1777620740821, \"deleteFlag\": \"N\"}], \"devName\": \"107号沙河西路转东滨路50米处\", \"eventName\": \"\", \"productName\": \"7G全景摄像头_S\", \"locationName\": \"东滨路2\", \"parentBoxName\": \"107号沙河西路转东滨路50米处\", \"alarmPieceList\": [{\"id\": \"f2f8432ae94848c4b6f4f59b901b7ff4\", \"url\": \"/permanent/2026/05/01/177762073269334725413.jpg\", \"name\": \"177762073269334725413\", \"type\": \"jpg\", \"fileSize\": 0, \"createTime\": 1777620740823, \"deleteFlag\": \"N\"}]}",
          "1": "业务告警",
          "2": "一级",
          "3": "AI",
          "4": "城市管理",
          "processUserName": "系统",
          "5": "街面秩序",
          "typeId": 324,
          "status": "WARNING",
          "alarmBusinessType": "business",
          "workformNo": null,
          "variablesDataMap": {
            "file": [
              {
                "deleteFlag": "N",
                "fileSize": 0,
                "createTime": 1777620740821,
                "name": "177762073269334725413",
                "id": "5e158316a06b492d855b61c299c53ca5",
                "type": "jpg",
                "url": "/permanent/2026/05/01/177762073269334725413.jpg"
              }
            ],
            "locationName": "东滨路2",
            "parentBoxName": "107号沙河西路转东滨路50米处",
            "alarmPieceList": [
              {
                "deleteFlag": "N",
                "fileSize": 0,
                "createTime": 1777620740823,
                "name": "177762073269334725413",
                "id": "f2f8432ae94848c4b6f4f59b901b7ff4",
                "type": "jpg",
                "url": "/permanent/2026/05/01/177762073269334725413.jpg"
              }
            ],
            "eventName": "",
            "devName": "107号沙河西路转东滨路50米处",
            "productName": "7G全景摄像头_S"
          },
          "alarmTypeName": "机动车违停",
          "processUser": null,
          "typeRecordId": 2027,
          "lampPostSn": "HRAF_JDG0107",
          "processTime": 1777620740000,
          "processId": 308576,
          "isReview": "0",
          "isFiltered": 0,
          "alarmTypeNo": "JDCWT",
          "devSn": "HRAF_SXT0107",
          "productIdentifier": "S5_QJPanoramicCamera",
          "outgo": "Y",
          "alarmNo": "AIAL00000000000OV2",
          "alarmTime": "2026-05-01 15:32:20",
          "workformType": null,
          "updateUser": null,
          "updateTime": null,
          "appIdentifier": "RCGYCRK",
          "createTime": 1777620740000,
          "levelNumName": "一级",
          "createUser": null
        },
        {
          "attrDataStr": "{\"data\": {\"alias_1\": [\"业务告警\"], \"alias_2\": [\"一级\"], \"alias_3\": [\"AI\"], \"alias_4\": [\"城市管理\"], \"alias_5\": [\"街面秩序\"], \"value_1\": [\"business\"], \"value_2\": [\"1\"], \"value_3\": [\"1\"], \"value_4\": [\"CSGL\"], \"value_5\": [\"JMZX\"]}, \"configs\": [{\"id\": 1, \"values\": [{\"alias\": \"业务告警\", \"value\": \"business\"}], \"isGlobal\": true, \"isMultiple\": false}, {\"id\": 2, \"values\": [{\"alias\": \"一级\", \"value\": \"1\"}], \"isGlobal\": true, \"isMultiple\": false}, {\"id\": 3, \"values\": [{\"alias\": \"AI\", \"value\": \"1\"}], \"isGlobal\": true, \"isMultiple\": false}, {\"id\": 4, \"values\": [{\"alias\": \"城市管理\", \"value\": \"CSGL\"}], \"isGlobal\": true, \"isMultiple\": false}, {\"id\": 5, \"values\": [{\"alias\": \"街面秩序\", \"value\": \"JMZX\"}], \"isGlobal\": true, \"isMultiple\": false}]}",
          "processStatus": "PENDING",
          "lampPostName": "41号海德一道转文心五路交汇处",
          "createUserName": "系统",
          "lampPostId": 236,
          "tecTypeName": "AI",
          "recordId": 2027,
          "manageType2": "JMZX",
          "levelNum": "1",
          "manageType1": "CSGL",
          "handlerDuration": 1440,
          "manageType2Name": "街面秩序",
          "id": 154456,
          "overdueTime": 1782804189000,
          "lat": 22.519082185852,
          "eliminationDuration": null,
          "tenantIdentifier": "RCGY",
          "alarmBusinessTypeName": "业务告警",
          "manageType1Name": "城市管理",
          "lng": 113.93162029865732,
          "updateUserName": "系统",
          "alarmName": "机动车违停_41号海德一道转文心五路交汇处摄像头",
          "eliminationDurationTime": null,
          "tecType": "1",
          "devName": "41号海德一道转文心五路交汇处摄像头",
          "variablesDataStr": "{\"file\": [{\"id\": \"b1936ae74a4c499ca5173d45037b16cb\", \"url\": \"/permanent/2026/05/01/177762018768380925656.jpg\", \"name\": \"177762018768380925656\", \"type\": \"jpg\", \"fileSize\": 0, \"createTime\": 1777620189235, \"deleteFlag\": \"N\"}], \"devName\": \"41号海德一道转文心五路交汇处摄像头\", \"eventName\": \"\", \"productName\": \"7G全景摄像头_S\", \"locationName\": \"海德一道2\", \"parentBoxName\": \"41号海德一道转文心五路交汇处\", \"alarmPieceList\": [{\"id\": \"8196e9f7f7924c18b8d93f86736b5b08\", \"url\": \"/permanent/2026/05/01/177762018768380925656.jpg\", \"name\": \"177762018768380925656\", \"type\": \"jpg\", \"fileSize\": 0, \"createTime\": 1777620189237, \"deleteFlag\": \"N\"}]}",
          "1": "业务告警",
          "2": "一级",
          "3": "AI",
          "4": "城市管理",
          "processUserName": "系统",
          "5": "街面秩序",
          "typeId": 324,
          "status": "ELIMINATED",
          "alarmBusinessType": "business",
          "workformNo": null,
          "variablesDataMap": {
            "file": [
              {
                "deleteFlag": "N",
                "fileSize": 0,
                "createTime": 1777620189235,
                "name": "177762018768380925656",
                "id": "b1936ae74a4c499ca5173d45037b16cb",
                "type": "jpg",
                "url": "/permanent/2026/05/01/177762018768380925656.jpg"
              }
            ],
            "locationName": "海德一道2",
            "parentBoxName": "41号海德一道转文心五路交汇处",
            "alarmPieceList": [
              {
                "deleteFlag": "N",
                "fileSize": 0,
                "createTime": 1777620189237,
                "name": "177762018768380925656",
                "id": "8196e9f7f7924c18b8d93f86736b5b08",
                "type": "jpg",
                "url": "/permanent/2026/05/01/177762018768380925656.jpg"
              }
            ],
            "eventName": "",
            "devName": "41号海德一道转文心五路交汇处摄像头",
            "productName": "7G全景摄像头_S"
          },
          "alarmTypeName": "机动车违停",
          "processUser": null,
          "typeRecordId": 2027,
          "lampPostSn": "HRAF_JDG0041",
          "processTime": 1777621587000,
          "processId": 308588,
          "isReview": "0",
          "isFiltered": 0,
          "alarmTypeNo": "JDCWT",
          "devSn": "HRAF_SXT0041",
          "productIdentifier": "S5_QJPanoramicCamera",
          "outgo": "Y",
          "alarmNo": "AIAL00000000000OUZ",
          "alarmTime": "2026-05-01 15:23:09",
          "workformType": null,
          "updateUser": "",
          "updateTime": 1777621587000,
          "appIdentifier": "RCGYCRK",
          "createTime": 1777620189000,
          "levelNumName": "一级",
          "createUser": null
        }
      ],
      "paging": {
        "pageNum": 1,
        "pageSize": 10,
        "total": 14
      }
    },
    "msg": "",
    "status": 0,
    "timestamp": "1777632613171"
  },
  {
    "body": {
      "empty": false,
      "list": [
        {
          "attrDataStr": "{\"data\": {\"alias_1\": [\"业务告警\"], \"alias_2\": [\"一级\"], \"alias_3\": [\"AI\"], \"alias_4\": [\"城市管理\"], \"alias_5\": [\"街面秩序\"], \"value_1\": [\"business\"], \"value_2\": [\"1\"], \"value_3\": [\"1\"], \"value_4\": [\"CSGL\"], \"value_5\": [\"JMZX\"]}, \"configs\": [{\"id\": 1, \"values\": [{\"alias\": \"业务告警\", \"value\": \"business\"}], \"isGlobal\": true, \"isMultiple\": false}, {\"id\": 2, \"values\": [{\"alias\": \"一级\", \"value\": \"1\"}], \"isGlobal\": true, \"isMultiple\": false}, {\"id\": 3, \"values\": [{\"alias\": \"AI\", \"value\": \"1\"}], \"isGlobal\": true, \"isMultiple\": false}, {\"id\": 4, \"values\": [{\"alias\": \"城市管理\", \"value\": \"CSGL\"}], \"isGlobal\": true, \"isMultiple\": false}, {\"id\": 5, \"values\": [{\"alias\": \"街面秩序\", \"value\": \"JMZX\"}], \"isGlobal\": true, \"isMultiple\": false}]}",
          "processStatus": "PENDING",
          "lampPostName": "26号保利文化广场停车厂入口处",
          "createUserName": "系统",
          "lampPostId": 221,
          "tecTypeName": "AI",
          "recordId": 2027,
          "manageType2": "JMZX",
          "levelNum": "1",
          "manageType1": "CSGL",
          "handlerDuration": 1440,
          "manageType2Name": "街面秩序",
          "id": 154338,
          "overdueTime": 1782790777000,
          "lat": 22.51903093145226,
          "eliminationDuration": null,
          "tenantIdentifier": "RCGY",
          "alarmBusinessTypeName": "业务告警",
          "manageType1Name": "城市管理",
          "lng": 113.93333551680632,
          "updateUserName": null,
          "alarmName": "机动车违停_26号保利文化广场停车厂入口处摄像头",
          "eliminationDurationTime": null,
          "tecType": "1",
          "devName": "26号保利文化广场停车厂入口处摄像头",
          "variablesDataStr": "{\"file\": [{\"id\": \"539b24b4994c4dcca9bdafa4ae9029f9\", \"url\": \"/permanent/2026/05/01/177760677708019445805.jpg\", \"name\": \"177760677708019445805\", \"type\": \"jpg\", \"fileSize\": 0, \"createTime\": 1777606777933, \"deleteFlag\": \"N\"}], \"devName\": \"26号保利文化广场停车厂入口处摄像头\", \"eventName\": \"\", \"productName\": \"7G全景摄像头_S\", \"locationName\": \"文心六路1\", \"parentBoxName\": \"26号保利文化广场停车厂入口处\", \"alarmPieceList\": [{\"id\": \"c67ed8772d724e00a57ca56a2986d296\", \"url\": \"/permanent/2026/05/01/177760677708019445805.jpg\", \"name\": \"177760677708019445805\", \"type\": \"jpg\", \"fileSize\": 0, \"createTime\": 1777606777935, \"deleteFlag\": \"N\"}]}",
          "1": "业务告警",
          "2": "一级",
          "3": "AI",
          "4": "城市管理",
          "processUserName": "系统",
          "5": "街面秩序",
          "typeId": 324,
          "status": "WARNING",
          "alarmBusinessType": "business",
          "workformNo": null,
          "variablesDataMap": {
            "file": [
              {
                "deleteFlag": "N",
                "fileSize": 0,
                "createTime": 1777606777933,
                "name": "177760677708019445805",
                "id": "539b24b4994c4dcca9bdafa4ae9029f9",
                "type": "jpg",
                "url": "/permanent/2026/05/01/177760677708019445805.jpg"
              }
            ],
            "locationName": "文心六路1",
            "parentBoxName": "26号保利文化广场停车厂入口处",
            "alarmPieceList": [
              {
                "deleteFlag": "N",
                "fileSize": 0,
                "createTime": 1777606777935,
                "name": "177760677708019445805",
                "id": "c67ed8772d724e00a57ca56a2986d296",
                "type": "jpg",
                "url": "/permanent/2026/05/01/177760677708019445805.jpg"
              }
            ],
            "eventName": "",
            "devName": "26号保利文化广场停车厂入口处摄像头",
            "productName": "7G全景摄像头_S"
          },
          "alarmTypeName": "机动车违停",
          "processUser": null,
          "typeRecordId": 2027,
          "lampPostSn": "HRAF_JDG0026",
          "processTime": 1777606777000,
          "processId": 308334,
          "isReview": "0",
          "isFiltered": 0,
          "alarmTypeNo": "JDCWT",
          "devSn": "HRAF_SXT0026",
          "productIdentifier": "S5_QJPanoramicCamera",
          "outgo": "Y",
          "alarmNo": "AIAL00000000000OTQ",
          "alarmTime": "2026-05-01 11:39:37",
          "workformType": null,
          "updateUser": null,
          "updateTime": null,
          "appIdentifier": "RCGYCRK",
          "createTime": 1777606777000,
          "levelNumName": "一级",
          "createUser": null
        },
        {
          "attrDataStr": "{\"data\": {\"alias_1\": [\"业务告警\"], \"alias_2\": [\"一级\"], \"alias_3\": [\"AI\"], \"alias_4\": [\"城市管理\"], \"alias_5\": [\"街面秩序\"], \"value_1\": [\"business\"], \"value_2\": [\"1\"], \"value_3\": [\"1\"], \"value_4\": [\"CSGL\"], \"value_5\": [\"JMZX\"]}, \"configs\": [{\"id\": 1, \"values\": [{\"alias\": \"业务告警\", \"value\": \"business\"}], \"isGlobal\": true, \"isMultiple\": false}, {\"id\": 2, \"values\": [{\"alias\": \"一级\", \"value\": \"1\"}], \"isGlobal\": true, \"isMultiple\": false}, {\"id\": 3, \"values\": [{\"alias\": \"AI\", \"value\": \"1\"}], \"isGlobal\": true, \"isMultiple\": false}, {\"id\": 4, \"values\": [{\"alias\": \"城市管理\", \"value\": \"CSGL\"}], \"isGlobal\": true, \"isMultiple\": false}, {\"id\": 5, \"values\": [{\"alias\": \"街面秩序\", \"value\": \"JMZX\"}], \"isGlobal\": true, \"isMultiple\": false}]}",
          "processStatus": "PENDING",
          "lampPostName": "27号后海滨路转海德一道交汇处",
          "createUserName": "系统",
          "lampPostId": 222,
          "tecTypeName": "AI",
          "recordId": 2027,
          "manageType2": "JMZX",
          "levelNum": "1",
          "manageType1": "CSGL",
          "handlerDuration": 1440,
          "manageType2Name": "街面秩序",
          "id": 154334,
          "overdueTime": 1782790165000,
          "lat": 22.51836037475803,
          "eliminationDuration": null,
          "tenantIdentifier": "RCGY",
          "alarmBusinessTypeName": "业务告警",
          "manageType1Name": "城市管理",
          "lng": 113.93415424847188,
          "updateUserName": null,
          "alarmName": "机动车违停_27号后海滨路转海德一道交汇处摄像头",
          "eliminationDurationTime": null,
          "tecType": "1",
          "devName": "27号后海滨路转海德一道交汇处摄像头",
          "variablesDataStr": "{\"file\": [{\"id\": \"d5b5c4c01292490383d9ce51794af8d2\", \"url\": \"/permanent/2026/05/01/177760616411486588114.jpg\", \"name\": \"177760616411486588114\", \"type\": \"jpg\", \"fileSize\": 0, \"createTime\": 1777606165394, \"deleteFlag\": \"N\"}], \"devName\": \"27号后海滨路转海德一道交汇处摄像头\", \"eventName\": \"\", \"productName\": \"7G全景摄像头_S\", \"locationName\": \"海德一道3\", \"parentBoxName\": \"27号后海滨路转海德一道交汇处\", \"alarmPieceList\": [{\"id\": \"7c84b9aa940e43ea93e3d2fd58308d05\", \"url\": \"/permanent/2026/05/01/177760616411486588114.jpg\", \"name\": \"177760616411486588114\", \"type\": \"jpg\", \"fileSize\": 0, \"createTime\": 1777606165397, \"deleteFlag\": \"N\"}]}",
          "1": "业务告警",
          "2": "一级",
          "3": "AI",
          "4": "城市管理",
          "processUserName": "系统",
          "5": "街面秩序",
          "typeId": 324,
          "status": "WARNING",
          "alarmBusinessType": "business",
          "workformNo": null,
          "variablesDataMap": {
            "file": [
              {
                "deleteFlag": "N",
                "fileSize": 0,
                "createTime": 1777606165394,
                "name": "177760616411486588114",
                "id": "d5b5c4c01292490383d9ce51794af8d2",
                "type": "jpg",
                "url": "/permanent/2026/05/01/177760616411486588114.jpg"
              }
            ],
            "locationName": "海德一道3",
            "parentBoxName": "27号后海滨路转海德一道交汇处",
            "alarmPieceList": [
              {
                "deleteFlag": "N",
                "fileSize": 0,
                "createTime": 1777606165397,
                "name": "177760616411486588114",
                "id": "7c84b9aa940e43ea93e3d2fd58308d05",
                "type": "jpg",
                "url": "/permanent/2026/05/01/177760616411486588114.jpg"
              }
            ],
            "eventName": "",
            "devName": "27号后海滨路转海德一道交汇处摄像头",
            "productName": "7G全景摄像头_S"
          },
          "alarmTypeName": "机动车违停",
          "processUser": null,
          "typeRecordId": 2027,
          "lampPostSn": "HRAF_JDG0027",
          "processTime": 1777606165000,
          "processId": 308328,
          "isReview": "0",
          "isFiltered": 0,
          "alarmTypeNo": "JDCWT",
          "devSn": "HRAF_SXT0027",
          "productIdentifier": "S5_QJPanoramicCamera",
          "outgo": "Y",
          "alarmNo": "AIAL00000000000OTH",
          "alarmTime": "2026-05-01 11:29:25",
          "workformType": null,
          "updateUser": null,
          "updateTime": null,
          "appIdentifier": "RCGYCRK",
          "createTime": 1777606165000,
          "levelNumName": "一级",
          "createUser": null
        },
        {
          "attrDataStr": "{\"data\": {\"alias_1\": [\"业务告警\"], \"alias_2\": [\"一级\"], \"alias_3\": [\"AI\"], \"alias_4\": [\"城市管理\"], \"alias_5\": [\"街面秩序\"], \"value_1\": [\"business\"], \"value_2\": [\"1\"], \"value_3\": [\"1\"], \"value_4\": [\"CSGL\"], \"value_5\": [\"JMZX\"]}, \"configs\": [{\"id\": 1, \"values\": [{\"alias\": \"业务告警\", \"value\": \"business\"}], \"isGlobal\": true, \"isMultiple\": false}, {\"id\": 2, \"values\": [{\"alias\": \"一级\", \"value\": \"1\"}], \"isGlobal\": true, \"isMultiple\": false}, {\"id\": 3, \"values\": [{\"alias\": \"AI\", \"value\": \"1\"}], \"isGlobal\": true, \"isMultiple\": false}, {\"id\": 4, \"values\": [{\"alias\": \"城市管理\", \"value\": \"CSGL\"}], \"isGlobal\": true, \"isMultiple\": false}, {\"id\": 5, \"values\": [{\"alias\": \"街面秩序\", \"value\": \"JMZX\"}], \"isGlobal\": true, \"isMultiple\": false}]}",
          "processStatus": "PENDING",
          "lampPostName": "31号文心四路海岸城西停车场入口",
          "createUserName": "系统",
          "lampPostId": 226,
          "tecTypeName": "AI",
          "recordId": 2027,
          "manageType2": "JMZX",
          "levelNum": "1",
          "manageType1": "CSGL",
          "handlerDuration": 1440,
          "manageType2Name": "街面秩序",
          "id": 154316,
          "overdueTime": 1782786988000,
          "lat": 22.52047277271448,
          "eliminationDuration": null,
          "tenantIdentifier": "RCGY",
          "alarmBusinessTypeName": "业务告警",
          "manageType1Name": "城市管理",
          "lng": 113.93087602407417,
          "updateUserName": "系统",
          "alarmName": "机动车违停_31号文心四路海岸城西座停车场入口处摄像头",
          "eliminationDurationTime": null,
          "tecType": "1",
          "devName": "31号文心四路海岸城西座停车场入口处摄像头",
          "variablesDataStr": "{\"file\": [{\"id\": \"af4b070005ad42f7bcfb7233bdb97823\", \"url\": \"/permanent/2026/05/01/177760298691023688123.jpg\", \"name\": \"177760298691023688123\", \"type\": \"jpg\", \"fileSize\": 0, \"createTime\": 1777602988603, \"deleteFlag\": \"N\"}], \"devName\": \"31号文心四路海岸城西座停车场入口处摄像头\", \"eventName\": \"\", \"productName\": \"7G全景摄像头_S\", \"locationName\": \"文心四路1\", \"parentBoxName\": \"31号文心四路海岸城西座停车场入口处\", \"alarmPieceList\": [{\"id\": \"81b0f498bd0f4831966d853d78a1775a\", \"url\": \"/permanent/2026/05/01/177760298691023688123.jpg\", \"name\": \"177760298691023688123\", \"type\": \"jpg\", \"fileSize\": 0, \"createTime\": 1777602988605, \"deleteFlag\": \"N\"}]}",
          "1": "业务告警",
          "2": "一级",
          "3": "AI",
          "4": "城市管理",
          "processUserName": "系统",
          "5": "街面秩序",
          "typeId": 324,
          "status": "ELIMINATED",
          "alarmBusinessType": "business",
          "workformNo": null,
          "variablesDataMap": {
            "file": [
              {
                "deleteFlag": "N",
                "fileSize": 0,
                "createTime": 1777602988603,
                "name": "177760298691023688123",
                "id": "af4b070005ad42f7bcfb7233bdb97823",
                "type": "jpg",
                "url": "/permanent/2026/05/01/177760298691023688123.jpg"
              }
            ],
            "locationName": "文心四路1",
            "parentBoxName": "31号文心四路海岸城西座停车场入口处",
            "alarmPieceList": [
              {
                "deleteFlag": "N",
                "fileSize": 0,
                "createTime": 1777602988605,
                "name": "177760298691023688123",
                "id": "81b0f498bd0f4831966d853d78a1775a",
                "type": "jpg",
                "url": "/permanent/2026/05/01/177760298691023688123.jpg"
              }
            ],
            "eventName": "",
            "devName": "31号文心四路海岸城西座停车场入口处摄像头",
            "productName": "7G全景摄像头_S"
          },
          "alarmTypeName": "机动车违停",
          "processUser": null,
          "typeRecordId": 2027,
          "lampPostSn": "HRAF_JDG0031",
          "processTime": 1777604128000,
          "processId": 308308,
          "isReview": "0",
          "isFiltered": 0,
          "alarmTypeNo": "JDCWT",
          "devSn": "HRAF_SXT0031",
          "productIdentifier": "S5_QJPanoramicCamera",
          "outgo": "Y",
          "alarmNo": "AIAL00000000000OT8",
          "alarmTime": "2026-05-01 10:36:28",
          "workformType": null,
          "updateUser": "",
          "updateTime": 1777604129000,
          "appIdentifier": "RCGYCRK",
          "createTime": 1777602988000,
          "levelNumName": "一级",
          "createUser": null
        },
        {
          "attrDataStr": "{\"data\": {\"alias_1\": [\"业务告警\"], \"alias_2\": [\"一级\"], \"alias_3\": [\"AI\"], \"alias_4\": [\"城市管理\"], \"alias_5\": [\"街面秩序\"], \"value_1\": [\"business\"], \"value_2\": [\"1\"], \"value_3\": [\"1\"], \"value_4\": [\"CSGL\"], \"value_5\": [\"JMZX\"]}, \"configs\": [{\"id\": 1, \"values\": [{\"alias\": \"业务告警\", \"value\": \"business\"}], \"isGlobal\": true, \"isMultiple\": false}, {\"id\": 2, \"values\": [{\"alias\": \"一级\", \"value\": \"1\"}], \"isGlobal\": true, \"isMultiple\": false}, {\"id\": 3, \"values\": [{\"alias\": \"AI\", \"value\": \"1\"}], \"isGlobal\": true, \"isMultiple\": false}, {\"id\": 4, \"values\": [{\"alias\": \"城市管理\", \"value\": \"CSGL\"}], \"isGlobal\": true, \"isMultiple\": false}, {\"id\": 5, \"values\": [{\"alias\": \"街面秩序\", \"value\": \"JMZX\"}], \"isGlobal\": true, \"isMultiple\": false}]}",
          "processStatus": "PENDING",
          "lampPostName": "26号保利文化广场停车厂入口处",
          "createUserName": "系统",
          "lampPostId": 221,
          "tecTypeName": "AI",
          "recordId": 2027,
          "manageType2": "JMZX",
          "levelNum": "1",
          "manageType1": "CSGL",
          "handlerDuration": 1440,
          "manageType2Name": "街面秩序",
          "id": 154293,
          "overdueTime": 1782782407000,
          "lat": 22.51903093145226,
          "eliminationDuration": null,
          "tenantIdentifier": "RCGY",
          "alarmBusinessTypeName": "业务告警",
          "manageType1Name": "城市管理",
          "lng": 113.93333551680632,
          "updateUserName": "系统",
          "alarmName": "机动车违停_26号保利文化广场停车厂入口处摄像头",
          "eliminationDurationTime": null,
          "tecType": "1",
          "devName": "26号保利文化广场停车厂入口处摄像头",
          "variablesDataStr": "{\"file\": [{\"id\": \"c7538a3f18ec4177863bfee15971086d\", \"url\": \"/permanent/2026/05/01/177759840577368768319.jpg\", \"name\": \"177759840577368768319\", \"type\": \"jpg\", \"fileSize\": 0, \"createTime\": 1777598407629, \"deleteFlag\": \"N\"}], \"devName\": \"26号保利文化广场停车厂入口处摄像头\", \"eventName\": \"\", \"productName\": \"7G全景摄像头_S\", \"locationName\": \"文心六路1\", \"parentBoxName\": \"26号保利文化广场停车厂入口处\", \"alarmPieceList\": [{\"id\": \"0d80e038bd574cfa941e3315182bf726\", \"url\": \"/permanent/2026/05/01/177759840577368768319.jpg\", \"name\": \"177759840577368768319\", \"type\": \"jpg\", \"fileSize\": 0, \"createTime\": 1777598407631, \"deleteFlag\": \"N\"}]}",
          "1": "业务告警",
          "2": "一级",
          "3": "AI",
          "4": "城市管理",
          "processUserName": "系统",
          "5": "街面秩序",
          "typeId": 324,
          "status": "ELIMINATED",
          "alarmBusinessType": "business",
          "workformNo": null,
          "variablesDataMap": {
            "file": [
              {
                "deleteFlag": "N",
                "fileSize": 0,
                "createTime": 1777598407629,
                "name": "177759840577368768319",
                "id": "c7538a3f18ec4177863bfee15971086d",
                "type": "jpg",
                "url": "/permanent/2026/05/01/177759840577368768319.jpg"
              }
            ],
            "locationName": "文心六路1",
            "parentBoxName": "26号保利文化广场停车厂入口处",
            "alarmPieceList": [
              {
                "deleteFlag": "N",
                "fileSize": 0,
                "createTime": 1777598407631,
                "name": "177759840577368768319",
                "id": "0d80e038bd574cfa941e3315182bf726",
                "type": "jpg",
                "url": "/permanent/2026/05/01/177759840577368768319.jpg"
              }
            ],
            "eventName": "",
            "devName": "26号保利文化广场停车厂入口处摄像头",
            "productName": "7G全景摄像头_S"
          },
          "alarmTypeName": "机动车违停",
          "processUser": null,
          "typeRecordId": 2027,
          "lampPostSn": "HRAF_JDG0026",
          "processTime": 1777598538000,
          "processId": 308244,
          "isReview": "0",
          "isFiltered": 0,
          "alarmTypeNo": "JDCWT",
          "devSn": "HRAF_SXT0026",
          "productIdentifier": "S5_QJPanoramicCamera",
          "outgo": "Y",
          "alarmNo": "AIAL00000000000OT2",
          "alarmTime": "2026-05-01 09:20:07",
          "workformType": null,
          "updateUser": "",
          "updateTime": 1777598538000,
          "appIdentifier": "RCGYCRK",
          "createTime": 1777598407000,
          "levelNumName": "一级",
          "createUser": null
        }
      ],
      "paging": {
        "pageNum": 2,
        "pageSize": 10,
        "total": 14
      }
    },
    "msg": "",
    "status": 0,
    "timestamp": "1777632620295"
  }
]
告警详情接口调用次数: 14
巡查报告(Markdown)已生成：D:\PycharmProjects\MY-Project\7G_Tool_Platform\data\plugins\alarm-daily-report\output\2026-05-01.md
原始明细已导出：D:\PycharmProjects\MY-Project\7G_Tool_Platform\data\plugins\alarm-daily-report\output\2026-05-01.json
[ARTIFACT] D:\PycharmProjects\MY-Project\7G_Tool_Platform\data\plugins\alarm-daily-report\output\2026-05-01.md
[ARTIFACT] D:\PycharmProjects\MY-Project\7G_Tool_Platform\data\plugins\alarm-daily-report\output\2026-05-01.json
图文预览报告已生成：D:\PycharmProjects\MY-Project\7G_Tool_Platform\data\plugins\alarm-daily-report\report\后海片区机动车违停巡查报告（2026-05-01）.html
[ARTIFACT] D:\PycharmProjects\MY-Project\7G_Tool_Platform\data\plugins\alarm-daily-report\report\后海片区机动车违停巡查报告（2026-05-01）.html

[STDERR]

