[START] 2026-05-01 22:52:50
[END] 2026-05-01 22:52:51
[TOOL] alarm-daily-report
[RETURN_CODE] 0
[PARAMS] {"date": "2026-05-01", "begin_date": "", "end_date": "", "login_only": "false", "dry_run": "true", "base_url": "https://hrrcgy.my7g.cn:19243", "alarms_endpoint": "/iot-api/workform/alarm/queryForMyApprovalList", "verify_ssl": "false", "timeout_seconds": "15", "user_agent": "Apache-HttpClient/4.5.14 (Java/17.0.10)", "login_endpoint": "/iot-api/login/login", "login_name": "RCGY", "login_password_plain": "Rcgy@123", "aes_key": "Qjzh#%po!2^45h%^", "auth_type": "simple", "static_token": "", "app_identifier": "RCGYCRK", "token_field": "token", "token_header_name": "token", "page_size": "10", "max_pages": "200", "file_download_endpoint": "/iot-api/workform/alarm/file/download", "file_download_open_mode": "attachment", "theme_cookie": "light", "output_dir": "./output", "report_dir": "./report", "top_n_titles": "5", "area_name": "后海片区", "inspection_target": "重点路段机动车违停情况", "item_suffix": "存在机动车违停", "export_docx": "false", "export_pdf": "false", "split_mode": "none", "split_export_docx": "false", "split_export_pdf": "false", "max_split_groups": "50"}
[COMMAND] D:\Python311\python.exe D:\PycharmProjects\MY-Project\7G_Tool_Platform\data\plugins\alarm-daily-report\main.py --date 2026-05-01 --dry-run --base-url https://hrrcgy.my7g.cn:19243 --alarms-endpoint /iot-api/workform/alarm/queryForMyApprovalList --timeout-seconds 15 --user-agent Apache-HttpClient/4.5.14 (Java/17.0.10) --login-endpoint /iot-api/login/login --login-name RCGY --login-password-plain Rcgy@123 --aes-key Qjzh#%po!2^45h%^ --auth-type simple --app-identifier RCGYCRK --token-field token --token-header-name token --page-size 10 --max-pages 200 --file-download-endpoint /iot-api/workform/alarm/file/download --file-download-open-mode attachment --theme-cookie light --output-dir ./output --report-dir ./report --top-n-titles 5 --area-name 后海片区 --inspection-target 重点路段机动车违停情况 --item-suffix 存在机动车违停 --split-mode none --max-split-groups 50
[STDOUT]
dry-run 模式：仅输出当前配置，不执行登录与拉取。
{
  "platform": {
    "base_url": "https://hrrcgy.my7g.cn:19243",
    "alarms_endpoint": "/iot-api/workform/alarm/queryForMyApprovalList",
    "timeout_seconds": 15,
    "verify_ssl": false,
    "user_agent": "Apache-HttpClient/4.5.14 (Java/17.0.10)"
  },
  "auth": {
    "login_endpoint": "/iot-api/login/login",
    "login_name": "RCGY",
    "login_password_plain": "***",
    "login_password_encrypted": "",
    "aes_key": "Qjzh#%po!2^45h%^",
    "auth_type": "simple",
    "token_field_candidates": [
      "token",
      "accessToken",
      "data.token",
      "result.token"
    ],
    "host_field_candidates": [
      "get_host",
      "host",
      "data.get_host",
      "result.get_host"
    ],
    "enabled": true,
    "static_token": ""
  },
  "request": {
    "app_identifier": "RCGYCRK",
    "begin_time_field": "beginTime",
    "end_time_field": "endTime",
    "page_num_field": "pageNum",
    "page_size_field": "pageSize",
    "token_field": "token",
    "token_header_name": "token",
    "resolve_alarm_type_from_api": true,
    "type_config_list_endpoint": "/iot-api/workform/alarm/type/config/list",
    "type_attribute_get_endpoint": "/iot-api/workform/alarm/type/attribute/get",
    "type_attribute_id": "1",
    "type_list_page_size": -1,
    "search_field": "ALARM_NAME",
    "search_value": "",
    "search_type": "",
    "alarm_type_id": "auto",
    "alarm_buss_type": "auto",
    "outgo": "",
    "theme_cookie": "light",
    "file_download_endpoint": "/iot-api/workform/alarm/file/download",
    "file_download_open_mode": "attachment",
    "page_size": 10,
    "max_pages": 200,
    "severity": [],
    "status": []
  },
  "report": {
    "output_dir": "D:\\PycharmProjects\\MY-Project\\7G_Tool_Platform\\data\\plugins\\alarm-daily-report\\output",
    "report_dir": "D:\\PycharmProjects\\MY-Project\\7G_Tool_Platform\\data\\plugins\\alarm-daily-report\\report",
    "top_n_titles": 5,
    "area_name": "后海片区",
    "inspection_target": "重点路段机动车违停情况",
    "item_suffix": "存在机动车违停",
    "export_docx": false,
    "export_pdf": false
  },
  "date": "2026-05-01",
  "begin_date": "",
  "end_date": "",
  "login_only": false,
  "split_mode": "none",
  "split_export_docx": false,
  "split_export_pdf": false,
  "max_split_groups": 50
}

[STDERR]

