[START] 2026-05-01 18:18:54
[END] 2026-05-01 18:18:55
[TOOL] alarm-daily-report
[RETURN_CODE] 2
[PARAMS] {"date": "", "begin_date": "", "end_date": "", "login_only": "false", "base_url": "https://hrrcgy.my7g.cn:19243", "alarms_endpoint": "/iot-api/workform/alarm/queryForMyApprovalList", "verify_ssl": "false", "timeout_seconds": "15", "user_agent": "Apache-HttpClient/4.5.14 (Java/17.0.10)", "login_endpoint": "/iot-api/login/login", "login_name": "RCGY", "login_password_plain": "Rcgy@123", "aes_key": "Qjzh#%po!2^45h%^", "auth_type": "simple", "static_token": "", "app_identifier": "RCGYCRK", "token_field": "token", "token_header_name": "token", "page_size": "10", "max_pages": "200", "file_download_endpoint": "/iot-api/workform/alarm/file/download", "file_download_open_mode": "attachment", "theme_cookie": "light", "output_dir": "./output", "report_dir": "./report", "top_n_titles": "5", "area_name": "后海片区", "inspection_target": "重点路段机动车违停情况", "item_suffix": "存在机动车违停", "export_docx": "true", "export_pdf": "true"}
[COMMAND] D:\PycharmProjects\MY-Project\.venv\Scripts\python.exe D:\PycharmProjects\MY-Project\7G_Tool_Platform\data\plugins\alarm-daily-report\main.py --base-url https://hrrcgy.my7g.cn:19243 --alarms-endpoint /iot-api/workform/alarm/queryForMyApprovalList --timeout-seconds 15 --user-agent Apache-HttpClient/4.5.14 (Java/17.0.10) --login-endpoint /iot-api/login/login --login-name RCGY --login-password-plain Rcgy@123 --aes-key Qjzh#%po!2^45h%^ --auth-type simple --app-identifier RCGYCRK --token-field token --token-header-name token --page-size 10 --max-pages 200 --file-download-endpoint /iot-api/workform/alarm/file/download --file-download-open-mode attachment --theme-cookie light --output-dir ./output --report-dir ./report --top-n-titles 5 --area-name 后海片区 --inspection-target 重点路段机动车违停情况 --item-suffix 存在机动车违停 --export-docx --export-pdf
[STDOUT]

[STDERR]
usage: main.py [-h] [--date DATE] [--begin-date BEGIN_DATE]
               [--end-date END_DATE] [--login-only LOGIN_ONLY]
               [--base-url BASE_URL] [--alarms-endpoint ALARMS_ENDPOINT]
               [--verify-ssl VERIFY_SSL] [--timeout-seconds TIMEOUT_SECONDS]
               [--user-agent USER_AGENT] [--login-endpoint LOGIN_ENDPOINT]
               [--login-name LOGIN_NAME]
               [--login-password-plain LOGIN_PASSWORD_PLAIN]
               [--aes-key AES_KEY] [--auth-type AUTH_TYPE]
               [--static-token STATIC_TOKEN] [--app-identifier APP_IDENTIFIER]
               [--token-field TOKEN_FIELD]
               [--token-header-name TOKEN_HEADER_NAME] [--page-size PAGE_SIZE]
               [--max-pages MAX_PAGES]
               [--file-download-endpoint FILE_DOWNLOAD_ENDPOINT]
               [--file-download-open-mode FILE_DOWNLOAD_OPEN_MODE]
               [--theme-cookie THEME_COOKIE] [--output-dir OUTPUT_DIR]
               [--report-dir REPORT_DIR] [--top-n-titles TOP_N_TITLES]
               [--area-name AREA_NAME] [--inspection-target INSPECTION_TARGET]
               [--item-suffix ITEM_SUFFIX] [--export-docx EXPORT_DOCX]
               [--export-pdf EXPORT_PDF]
main.py: error: argument --export-docx: expected one argument

